  Actor.cpp
C:\Users\Richard Schmidt\Desktop\Boxelware\Space Shooter\SpaceShooter\SpaceShooter\Actor.cpp(8,51): warning C4244: 'argument': conversion from 'int' to 'float', possible loss of data
C:\Users\Richard Schmidt\Desktop\Boxelware\Space Shooter\SpaceShooter\SpaceShooter\Actor.cpp(88,53): warning C4244: '=': conversion from 'float' to 'int', possible loss of data
C:\Users\Richard Schmidt\Desktop\Boxelware\Space Shooter\SpaceShooter\SpaceShooter\Actor.cpp(89,27): warning C4244: '=': conversion from 'float' to 'int', possible loss of data
  EnemyManager.cpp
C:\Users\Richard Schmidt\Desktop\Boxelware\Space Shooter\SpaceShooter\SpaceShooter\EnemyManager.cpp(111,35): warning C4267: 'initializing': conversion from 'size_t' to 'int', possible loss of data
  Entity.cpp
C:\Users\Richard Schmidt\Desktop\Boxelware\Space Shooter\SpaceShooter\SpaceShooter\Entity.cpp(11,6): warning C4244: '=': conversion from 'int' to 'float', possible loss of data
C:\Users\Richard Schmidt\Desktop\Boxelware\Space Shooter\SpaceShooter\SpaceShooter\Entity.cpp(12,6): warning C4244: '=': conversion from 'int' to 'float', possible loss of data
C:\Users\Richard Schmidt\Desktop\Boxelware\Space Shooter\SpaceShooter\SpaceShooter\Entity.cpp(45,17): warning C4244: '=': conversion from 'float' to 'int', possible loss of data
C:\Users\Richard Schmidt\Desktop\Boxelware\Space Shooter\SpaceShooter\SpaceShooter\Entity.cpp(46,17): warning C4244: '=': conversion from 'float' to 'int', possible loss of data
C:\Users\Richard Schmidt\Desktop\Boxelware\Space Shooter\SpaceShooter\SpaceShooter\Entity.cpp(77,18): warning C4244: 'return': conversion from 'T' to 'int', possible loss of data
          with
          [
              T=float
          ]
C:\Users\Richard Schmidt\Desktop\Boxelware\Space Shooter\SpaceShooter\SpaceShooter\Entity.cpp(82,18): warning C4244: 'return': conversion from 'T' to 'int', possible loss of data
          with
          [
              T=float
          ]
C:\Users\Richard Schmidt\Desktop\Boxelware\Space Shooter\SpaceShooter\SpaceShooter\Entity.cpp(87,16): warning C4244: '=': conversion from 'int' to 'T', possible loss of data
          with
          [
              T=float
          ]
C:\Users\Richard Schmidt\Desktop\Boxelware\Space Shooter\SpaceShooter\SpaceShooter\Entity.cpp(92,16): warning C4244: '=': conversion from 'int' to 'T', possible loss of data
          with
          [
              T=float
          ]
  Game.cpp
  Projectile.cpp
  ProjectileManager.cpp
  Ship.cpp
C:\Users\Richard Schmidt\Desktop\Boxelware\Space Shooter\SpaceShooter\SpaceShooter\Ship.cpp(45,72): warning C4244: 'argument': conversion from 'float' to 'int', possible loss of data
C:\Users\Richard Schmidt\Desktop\Boxelware\Space Shooter\SpaceShooter\SpaceShooter\Ship.cpp(45,69): warning C4244: 'argument': conversion from 'float' to 'int', possible loss of data
  SpaceShooter.cpp
  Generating Code...
C:\Users\Richard Schmidt\Desktop\Boxelware\Space Shooter\SpaceShooter\SpaceShooter\Ship.cpp(51): warning C4715: 'Ship::shootProjectile': not all control paths return a value
  SpaceShooter.vcxproj -> C:\Users\Richard Schmidt\Desktop\Boxelware\Space Shooter\SpaceShooter\x64\Debug\SpaceShooter.exe
